   0  $accept : %entry% $end

   1  Start : A EOF

   2  A : CharA A CharA
   3    | CharB A CharB
   4    | CharC A CharC
   5    | CharA
   6    | CharB
   7    | CharC
   8    |

   9  %entry% : '\001' Start

state 0
	$accept : . %entry% $end  (0)

	'\001'  shift 1
	.  error

	%entry%  goto 2


state 1
	%entry% : '\001' . Start  (9)
	A : .  (8)

	CharA  shift 3
	CharB  shift 4
	CharC  shift 5
	EOF  reduce 8

	Start  goto 6
	A  goto 7


state 2
	$accept : %entry% . $end  (0)

	$end  accept


3: shift/reduce conflict (shift 3, reduce 5) on CharA
3: shift/reduce conflict (shift 3, reduce 8) on CharA
3: shift/reduce conflict (shift 4, reduce 5) on CharB
3: shift/reduce conflict (shift 5, reduce 5) on CharC
state 3
	A : CharA . A CharA  (2)
	A : CharA .  (5)
	A : .  (8)

	CharA  shift 3
	CharB  shift 4
	CharC  shift 5
	EOF  reduce 5

	A  goto 8


4: shift/reduce conflict (shift 3, reduce 6) on CharA
4: shift/reduce conflict (shift 4, reduce 6) on CharB
4: shift/reduce conflict (shift 4, reduce 8) on CharB
4: shift/reduce conflict (shift 5, reduce 6) on CharC
state 4
	A : CharB . A CharB  (3)
	A : CharB .  (6)
	A : .  (8)

	CharA  shift 3
	CharB  shift 4
	CharC  shift 5
	EOF  reduce 6

	A  goto 9


5: shift/reduce conflict (shift 3, reduce 7) on CharA
5: shift/reduce conflict (shift 4, reduce 7) on CharB
5: shift/reduce conflict (shift 5, reduce 7) on CharC
5: shift/reduce conflict (shift 5, reduce 8) on CharC
state 5
	A : CharC . A CharC  (4)
	A : CharC .  (7)
	A : .  (8)

	CharA  shift 3
	CharB  shift 4
	CharC  shift 5
	EOF  reduce 7

	A  goto 10


state 6
	%entry% : '\001' Start .  (9)

	.  reduce 9


state 7
	Start : A . EOF  (1)

	EOF  shift 11
	.  error


state 8
	A : CharA A . CharA  (2)

	CharA  shift 12
	.  error


state 9
	A : CharB A . CharB  (3)

	CharB  shift 13
	.  error


state 10
	A : CharC A . CharC  (4)

	CharC  shift 14
	.  error


state 11
	Start : A EOF .  (1)

	.  reduce 1


state 12
	A : CharA A CharA .  (2)

	.  reduce 2


state 13
	A : CharB A CharB .  (3)

	.  reduce 3


state 14
	A : CharC A CharC .  (4)

	.  reduce 4


State 3 contains 4 shift/reduce conflicts.
State 4 contains 4 shift/reduce conflicts.
State 5 contains 4 shift/reduce conflicts.


7 terminals, 4 nonterminals
10 grammar rules, 15 states
